Traceback (most recent call last):
  File "/opt/hostedtoolcache/Python/3.12.1/x64/lib/python3.12/site-packages/jupyter_cache/executors/utils.py", line 58, in single_nb_execution
    executenb(
  File "/opt/hostedtoolcache/Python/3.12.1/x64/lib/python3.12/site-packages/nbclient/client.py", line 1314, in execute
    return NotebookClient(nb=nb, resources=resources, km=km, **kwargs).execute()
           ^^^^^^^^^^^^^^^^^^^^^^^^^^^^^^^^^^^^^^^^^^^^^^^^^^^^^^^^^^^^^^^^^^^^^
  File "/opt/hostedtoolcache/Python/3.12.1/x64/lib/python3.12/site-packages/jupyter_core/utils/__init__.py", line 165, in wrapped
    return loop.run_until_complete(inner)
           ^^^^^^^^^^^^^^^^^^^^^^^^^^^^^^
  File "/opt/hostedtoolcache/Python/3.12.1/x64/lib/python3.12/asyncio/base_events.py", line 684, in run_until_complete
    return future.result()
           ^^^^^^^^^^^^^^^
  File "/opt/hostedtoolcache/Python/3.12.1/x64/lib/python3.12/site-packages/nbclient/client.py", line 709, in async_execute
    await self.async_execute_cell(
  File "/opt/hostedtoolcache/Python/3.12.1/x64/lib/python3.12/site-packages/nbclient/client.py", line 1062, in async_execute_cell
    await self._check_raise_for_error(cell, cell_index, exec_reply)
  File "/opt/hostedtoolcache/Python/3.12.1/x64/lib/python3.12/site-packages/nbclient/client.py", line 918, in _check_raise_for_error
    raise CellExecutionError.from_cell_and_msg(cell, exec_reply_content)
nbclient.exceptions.CellExecutionError: An error occurred while executing the following cell:
------------------
!pip install statwrap
import statwrap
%use_fpp
%use_sheets
------------------

----- stdout -----
Collecting statwrap
----- stdout -----
  Downloading StatWrap-0.2.11-py3-none-any.whl.metadata (2.2 kB)
----- stdout -----
Collecting pandas (from statwrap)
  Downloading pandas-2.2.0-cp312-cp312-manylinux_2_17_x86_64.manylinux2014_x86_64.whl.metadata (19 kB)
Requirement already satisfied: numpy in /opt/hostedtoolcache/Python/3.12.1/x64/lib/python3.12/site-packages (from statwrap) (1.26.3)
----- stdout -----
Requirement already satisfied: scipy in /opt/hostedtoolcache/Python/3.12.1/x64/lib/python3.12/site-packages (from statwrap) (1.12.0)
Requirement already satisfied: IPython in /opt/hostedtoolcache/Python/3.12.1/x64/lib/python3.12/site-packages (from statwrap) (8.20.0)
Requirement already satisfied: matplotlib in /opt/hostedtoolcache/Python/3.12.1/x64/lib/python3.12/site-packages (from statwrap) (3.8.2)
----- stdout -----
Requirement already satisfied: decorator in /opt/hostedtoolcache/Python/3.12.1/x64/lib/python3.12/site-packages (from IPython->statwrap) (5.1.1)
Requirement already satisfied: jedi>=0.16 in /opt/hostedtoolcache/Python/3.12.1/x64/lib/python3.12/site-packages (from IPython->statwrap) (0.19.1)
Requirement already satisfied: matplotlib-inline in /opt/hostedtoolcache/Python/3.12.1/x64/lib/python3.12/site-packages (from IPython->statwrap) (0.1.6)
Requirement already satisfied: prompt-toolkit<3.1.0,>=3.0.41 in /opt/hostedtoolcache/Python/3.12.1/x64/lib/python3.12/site-packages (from IPython->statwrap) (3.0.43)
Requirement already satisfied: pygments>=2.4.0 in /opt/hostedtoolcache/Python/3.12.1/x64/lib/python3.12/site-packages (from IPython->statwrap) (2.17.2)
Requirement already satisfied: stack-data in /opt/hostedtoolcache/Python/3.12.1/x64/lib/python3.12/site-packages (from IPython->statwrap) (0.6.3)
Requirement already satisfied: traitlets>=5 in /opt/hostedtoolcache/Python/3.12.1/x64/lib/python3.12/site-packages (from IPython->statwrap) (5.14.1)
Requirement already satisfied: pexpect>4.3 in /opt/hostedtoolcache/Python/3.12.1/x64/lib/python3.12/site-packages (from IPython->statwrap) (4.9.0)
Requirement already satisfied: contourpy>=1.0.1 in /opt/hostedtoolcache/Python/3.12.1/x64/lib/python3.12/site-packages (from matplotlib->statwrap) (1.2.0)
Requirement already satisfied: cycler>=0.10 in /opt/hostedtoolcache/Python/3.12.1/x64/lib/python3.12/site-packages (from matplotlib->statwrap) (0.12.1)
Requirement already satisfied: fonttools>=4.22.0 in /opt/hostedtoolcache/Python/3.12.1/x64/lib/python3.12/site-packages (from matplotlib->statwrap) (4.47.2)
Requirement already satisfied: kiwisolver>=1.3.1 in /opt/hostedtoolcache/Python/3.12.1/x64/lib/python3.12/site-packages (from matplotlib->statwrap) (1.4.5)
Requirement already satisfied: packaging>=20.0 in /opt/hostedtoolcache/Python/3.12.1/x64/lib/python3.12/site-packages (from matplotlib->statwrap) (23.2)
Requirement already satisfied: pillow>=8 in /opt/hostedtoolcache/Python/3.12.1/x64/lib/python3.12/site-packages (from matplotlib->statwrap) (10.2.0)
Requirement already satisfied: pyparsing>=2.3.1 in /opt/hostedtoolcache/Python/3.12.1/x64/lib/python3.12/site-packages (from matplotlib->statwrap) (3.1.1)
Requirement already satisfied: python-dateutil>=2.7 in /opt/hostedtoolcache/Python/3.12.1/x64/lib/python3.12/site-packages (from matplotlib->statwrap) (2.8.2)
----- stdout -----
Collecting pytz>=2020.1 (from pandas->statwrap)
  Downloading pytz-2023.3.post1-py2.py3-none-any.whl.metadata (22 kB)
----- stdout -----
Collecting tzdata>=2022.7 (from pandas->statwrap)
  Downloading tzdata-2023.4-py2.py3-none-any.whl.metadata (1.4 kB)
----- stdout -----
Requirement already satisfied: parso<0.9.0,>=0.8.3 in /opt/hostedtoolcache/Python/3.12.1/x64/lib/python3.12/site-packages (from jedi>=0.16->IPython->statwrap) (0.8.3)
----- stdout -----
Requirement already satisfied: ptyprocess>=0.5 in /opt/hostedtoolcache/Python/3.12.1/x64/lib/python3.12/site-packages (from pexpect>4.3->IPython->statwrap) (0.7.0)
Requirement already satisfied: wcwidth in /opt/hostedtoolcache/Python/3.12.1/x64/lib/python3.12/site-packages (from prompt-toolkit<3.1.0,>=3.0.41->IPython->statwrap) (0.2.13)
Requirement already satisfied: six>=1.5 in /opt/hostedtoolcache/Python/3.12.1/x64/lib/python3.12/site-packages (from python-dateutil>=2.7->matplotlib->statwrap) (1.16.0)
----- stdout -----
Requirement already satisfied: executing>=1.2.0 in /opt/hostedtoolcache/Python/3.12.1/x64/lib/python3.12/site-packages (from stack-data->IPython->statwrap) (2.0.1)
Requirement already satisfied: asttokens>=2.1.0 in /opt/hostedtoolcache/Python/3.12.1/x64/lib/python3.12/site-packages (from stack-data->IPython->statwrap) (2.4.1)
Requirement already satisfied: pure-eval in /opt/hostedtoolcache/Python/3.12.1/x64/lib/python3.12/site-packages (from stack-data->IPython->statwrap) (0.2.2)
----- stdout -----
Downloading StatWrap-0.2.11-py3-none-any.whl (16 kB)
Downloading pandas-2.2.0-cp312-cp312-manylinux_2_17_x86_64.manylinux2014_x86_64.whl (12.7 MB)
[?25l   [90mâ”â”â”â”â”â”â”â”â”â”â”â”â”â”â”â”â”â”â”â”â”â”â”â”â”â”â”â”â”â”â”â”â”â”â”â”â”â”â”â”[0m [32m0.0/12.7 MB[0m [31m?[0m eta [36m-:--:--[0m
----- stdout -----
[2K   [91mâ”â”â”â”â”â”â”â”â”â”â”â”â”[0m[90mâ•º[0m[90mâ”â”â”â”â”â”â”â”â”â”â”â”â”â”â”â”â”â”â”â”â”â”â”â”â”â”[0m [32m4.2/12.7 MB[0m [31m126.6 MB/s[0m eta [36m0:00:01[0m[2K   [91mâ”â”â”â”â”â”â”â”â”â”â”â”â”â”â”â”â”â”â”â”â”â”â”â”â”â”â”â”â”â”â”[0m[90mâ•º[0m[90mâ”â”â”â”â”â”â”â”[0m [32m9.9/12.7 MB[0m [31m143.6 MB/s[0m eta [36m0:00:01[0m
----- stdout -----
[2K   [91mâ”â”â”â”â”â”â”â”â”â”â”â”â”â”â”â”â”â”â”â”â”â”â”â”â”â”â”â”â”â”â”â”â”â”â”â”â”â”â”[0m[91mâ•¸[0m [32m12.7/12.7 MB[0m [31m164.1 MB/s[0m eta [36m0:00:01[0m[2K   [90mâ”â”â”â”â”â”â”â”â”â”â”â”â”â”â”â”â”â”â”â”â”â”â”â”â”â”â”â”â”â”â”â”â”â”â”â”â”â”â”â”[0m [32m12.7/12.7 MB[0m [31m108.7 MB/s[0m eta [36m0:00:00[0m
[?25hDownloading pytz-2023.3.post1-py2.py3-none-any.whl (502 kB)
[?25l   [90mâ”â”â”â”â”â”â”â”â”â”â”â”â”â”â”â”â”â”â”â”â”â”â”â”â”â”â”â”â”â”â”â”â”â”â”â”â”â”â”â”[0m [32m0.0/502.5 kB[0m [31m?[0m eta [36m-:--:--[0m[2K   [90mâ”â”â”â”â”â”â”â”â”â”â”â”â”â”â”â”â”â”â”â”â”â”â”â”â”â”â”â”â”â”â”â”â”â”â”â”â”â”â”â”[0m [32m502.5/502.5 kB[0m [31m73.1 MB/s[0m eta [36m0:00:00[0m
[?25h
----- stdout -----
Downloading tzdata-2023.4-py2.py3-none-any.whl (346 kB)
[?25l   [90mâ”â”â”â”â”â”â”â”â”â”â”â”â”â”â”â”â”â”â”â”â”â”â”â”â”â”â”â”â”â”â”â”â”â”â”â”â”â”â”â”[0m [32m0.0/346.6 kB[0m [31m?[0m eta [36m-:--:--[0m[2K   [90mâ”â”â”â”â”â”â”â”â”â”â”â”â”â”â”â”â”â”â”â”â”â”â”â”â”â”â”â”â”â”â”â”â”â”â”â”â”â”â”â”[0m [32m346.6/346.6 kB[0m [31m65.9 MB/s[0m eta [36m0:00:00[0m
[?25h
----- stdout -----
Installing collected packages: pytz, tzdata, pandas, statwrap
----- stdout -----
Successfully installed pandas-2.2.0 pytz-2023.3.post1 statwrap-0.2.11 tzdata-2023.4
----- stdout -----

[1m[[0m[34;49mnotice[0m[1;39;49m][0m[39;49m A new release of pip is available: [0m[31;49m23.2.1[0m[39;49m -> [0m[32;49m23.3.2[0m
[1m[[0m[34;49mnotice[0m[1;39;49m][0m[39;49m To update, run: [0m[32;49mpip install --upgrade pip[0m
----- stderr -----
/opt/hostedtoolcache/Python/3.12.1/x64/lib/python3.12/site-packages/statwrap/fpp.py:227: SyntaxWarning: invalid escape sequence '\m'
  """
/opt/hostedtoolcache/Python/3.12.1/x64/lib/python3.12/site-packages/statwrap/fpp.py:258: SyntaxWarning: invalid escape sequence '\m'
  """
/opt/hostedtoolcache/Python/3.12.1/x64/lib/python3.12/site-packages/statwrap/utils.py:159: SyntaxWarning: invalid escape sequence '\l'
  """
------------------

[0;31m---------------------------------------------------------------------------[0m
[0;31mModuleNotFoundError[0m                       Traceback (most recent call last)
Cell [0;32mIn[1], line 2[0m
[1;32m      1[0m get_ipython()[38;5;241m.[39msystem([38;5;124m'[39m[38;5;124mpip install statwrap[39m[38;5;124m'[39m)
[0;32m----> 2[0m [38;5;28;01mimport[39;00m [38;5;21;01mstatwrap[39;00m
[1;32m      3[0m get_ipython()[38;5;241m.[39mrun_line_magic([38;5;124m'[39m[38;5;124muse_fpp[39m[38;5;124m'[39m, [38;5;124m'[39m[38;5;124m'[39m)
[1;32m      4[0m get_ipython()[38;5;241m.[39mrun_line_magic([38;5;124m'[39m[38;5;124muse_sheets[39m[38;5;124m'[39m, [38;5;124m'[39m[38;5;124m'[39m)

File [0;32m/opt/hostedtoolcache/Python/3.12.1/x64/lib/python3.12/site-packages/statwrap/__init__.py:3[0m
[1;32m      1[0m [38;5;28;01mtry[39;00m:
[1;32m      2[0m     __IPYTHON__
[0;32m----> 3[0m     [38;5;28;01mfrom[39;00m [38;5;21;01m.[39;00m[38;5;21;01mcore[39;00m [38;5;28;01mimport[39;00m use_fpp
[1;32m      4[0m     [38;5;28;01mfrom[39;00m [38;5;21;01m.[39;00m[38;5;21;01mcore[39;00m [38;5;28;01mimport[39;00m use_sheets
[1;32m      5[0m [38;5;28;01mexcept[39;00m [38;5;167;01mNameError[39;00m:

File [0;32m/opt/hostedtoolcache/Python/3.12.1/x64/lib/python3.12/site-packages/statwrap/core.py:6[0m
[1;32m      4[0m [38;5;28;01mfrom[39;00m [38;5;21;01mIPython[39;00m [38;5;28;01mimport[39;00m get_ipython
[1;32m      5[0m [38;5;28;01mfrom[39;00m [38;5;21;01mIPython[39;00m[38;5;21;01m.[39;00m[38;5;21;01mcore[39;00m[38;5;21;01m.[39;00m[38;5;21;01mmagic[39;00m [38;5;28;01mimport[39;00m register_line_magic
[0;32m----> 6[0m [38;5;28;01mfrom[39;00m [38;5;21;01mstatwrap[39;00m[38;5;21;01m.[39;00m[38;5;21;01mfpp[39;00m [38;5;28;01mimport[39;00m fpp_setup
[1;32m      7[0m [38;5;28;01mfrom[39;00m [38;5;21;01mstatwrap[39;00m[38;5;21;01m.[39;00m[38;5;21;01msheets[39;00m [38;5;28;01mimport[39;00m sheets_setup
[1;32m      9[0m [38;5;129m@register_line_magic[39m
[1;32m     10[0m [38;5;28;01mdef[39;00m [38;5;21muse_fpp[39m(line):

File [0;32m/opt/hostedtoolcache/Python/3.12.1/x64/lib/python3.12/site-packages/statwrap/fpp.py:8[0m
[1;32m      6[0m [38;5;28;01mimport[39;00m [38;5;21;01mmatplotlib[39;00m[38;5;21;01m.[39;00m[38;5;21;01mpyplot[39;00m [38;5;28;01mas[39;00m [38;5;21;01mplt[39;00m
[1;32m      7[0m [38;5;28;01mfrom[39;00m [38;5;21;01mIPython[39;00m[38;5;21;01m.[39;00m[38;5;21;01mcore[39;00m[38;5;21;01m.[39;00m[38;5;21;01mmagic[39;00m [38;5;28;01mimport[39;00m register_line_magic
[0;32m----> 8[0m [38;5;28;01mfrom[39;00m [38;5;21;01mstatwrap[39;00m[38;5;21;01m.[39;00m[38;5;21;01mutils[39;00m [38;5;28;01mimport[39;00m modify_std, args_to_array, formula
[1;32m     10[0m [38;5;28;01mdef[39;00m [38;5;21mbox_model[39m([38;5;241m*[39margs, with_replacement [38;5;241m=[39m [38;5;28;01mTrue[39;00m, draws [38;5;241m=[39m [38;5;241m1[39m, random_seed [38;5;241m=[39m [38;5;28;01mNone[39;00m):
[1;32m     11[0m [38;5;250m    [39m[38;5;124;03m"""[39;00m
[1;32m     12[0m [38;5;124;03m    Returns random draws from a box model where each number in the box model[39;00m
[1;32m     13[0m [38;5;124;03m    is equally likely to be drawn.[39;00m
[0;32m   (...)[0m
[1;32m     42[0m [38;5;124;03m    array([4, 2, 6])[39;00m
[1;32m     43[0m [38;5;124;03m    """[39;00m

File [0;32m/opt/hostedtoolcache/Python/3.12.1/x64/lib/python3.12/site-packages/statwrap/utils.py:10[0m
[1;32m      8[0m [38;5;28;01mimport[39;00m [38;5;21;01mstatwrap[39;00m[38;5;21;01m.[39;00m[38;5;21;01mfpp[39;00m [38;5;28;01mas[39;00m [38;5;21;01mfpp[39;00m
[1;32m      9[0m [38;5;28;01mimport[39;00m [38;5;21;01mmatplotlib[39;00m[38;5;21;01m.[39;00m[38;5;21;01mpyplot[39;00m [38;5;28;01mas[39;00m [38;5;21;01mplt[39;00m
[0;32m---> 10[0m [38;5;28;01mfrom[39;00m [38;5;21;01mstatsmodels[39;00m[38;5;21;01m.[39;00m[38;5;21;01mgraphics[39;00m[38;5;21;01m.[39;00m[38;5;21;01mregressionplots[39;00m [38;5;28;01mimport[39;00m (
[1;32m     11[0m     plot_partregress_grid,
[1;32m     12[0m     plot_fit
[1;32m     13[0m )
[1;32m     15[0m [38;5;28;01mclass[39;00m [38;5;21;01mFormula[39;00m:
[1;32m     16[0m [38;5;250m    [39m[38;5;124;03m'''[39;00m
[1;32m     17[0m [38;5;124;03m    This class is used to modify the display behavior of functions that have a mathematical formula.[39;00m
[1;32m     18[0m [38;5;124;03m    '''[39;00m

[0;31mModuleNotFoundError[0m: No module named 'statsmodels'

